<?xml version="1.0" encoding="UTF-8"?>
<coverage generated="1580151486941" clover="3.2.0">
  <project timestamp="1580151486942" name="All files">
    <metrics statements="5" coveredstatements="5" conditionals="4" coveredconditionals="4" methods="3" coveredmethods="3" elements="12" coveredelements="12" complexity="0" loc="5" ncloc="5" packages="1" files="1" classes="1">
      <file name="map-recursive.js" path="/home/murilo/development/cursos/curso-reactjs-ninja/m02/jest-in-practice/src/map/map-recursive.js">
        <metrics statements="5" coveredstatements="5" conditionals="4" coveredconditionals="4" methods="3" coveredmethods="3"/>
        <line num="3" count="2" type="cond" truecount="2" falsecount="0"/>
        <line num="4" count="8" type="stmt"/>
        <line num="5" count="22" type="cond" truecount="2" falsecount="0"/>
        <line num="7" count="14" type="stmt"/>
        <line num="8" count="14" type="stmt"/>
      </file>
    </metrics>
  </project>
</coverage>
