{"/home/murilo/development/cursos/curso-reactjs-ninja/m02/jest-in-practice/src/reverse/reverse-recursive.js": {"path":"/home/murilo/development/cursos/curso-reactjs-ninja/m02/jest-in-practice/src/reverse/reverse-recursive.js","statementMap":{"0":{"start":{"line":3,"column":16},"end":{"line":7,"column":1}},"1":{"start":{"line":4,"column":2},"end":{"line":6,"column":54}}},"fnMap":{"0":{"name":"(anonymous_0)","decl":{"start":{"line":3,"column":16},"end":{"line":3,"column":17}},"loc":{"start":{"line":3,"column":23},"end":{"line":7,"column":1}},"line":3}},"branchMap":{"0":{"loc":{"start":{"line":4,"column":9},"end":{"line":6,"column":54}},"type":"cond-expr","locations":[{"start":{"line":5,"column":6},"end":{"line":5,"column":8}},{"start":{"line":6,"column":6},"end":{"line":6,"column":54}}],"line":4}},"s":{"0":1,"1":8},"f":{"0":8},"b":{"0":[3,5]},"_coverageSchema":"332fd63041d2c1bcb487cc26dd0d5f7d97098a6c","hash":"99fb5cdd87dd8155167616d000c25acd00a7a1f4"}
}
