{"/home/murilo/development/cursos/curso-reactjs-ninja/m02/jest-in-practice/src/div.js": {"path":"/home/murilo/development/cursos/curso-reactjs-ninja/m02/jest-in-practice/src/div.js","statementMap":{"0":{"start":{"line":4,"column":2},"end":{"line":4,"column":10}}},"fnMap":{"0":{"name":"(anonymous_0)","decl":{"start":{"line":3,"column":15},"end":{"line":3,"column":16}},"loc":{"start":{"line":3,"column":21},"end":{"line":5,"column":1}},"line":3}},"branchMap":{},"s":{"0":1},"f":{"0":1},"b":{},"_coverageSchema":"332fd63041d2c1bcb487cc26dd0d5f7d97098a6c","hash":"bb31c4309e989661ad01144363b31246ec1bb9d4"}
,"/home/murilo/development/cursos/curso-reactjs-ninja/m02/jest-in-practice/src/sum.js": {"path":"/home/murilo/development/cursos/curso-reactjs-ninja/m02/jest-in-practice/src/sum.js","statementMap":{"0":{"start":{"line":2,"column":2},"end":{"line":2,"column":10}}},"fnMap":{"0":{"name":"(anonymous_0)","decl":{"start":{"line":1,"column":15},"end":{"line":1,"column":16}},"loc":{"start":{"line":1,"column":21},"end":{"line":3,"column":1}},"line":1}},"branchMap":{},"s":{"0":1},"f":{"0":1},"b":{},"_coverageSchema":"332fd63041d2c1bcb487cc26dd0d5f7d97098a6c","hash":"0d52d1a4a11170d61ae3dca71dc9590e21af722e"}
}
