TN:
SF:/home/murilo/development/cursos/curso-reactjs-ninja/m02/jest-in-practice/src/find/find-recursive.js
FN:3,(anonymous_0)
FN:4,findInternal
FNF:2
FNH:2
FNDA:5,(anonymous_0)
FNDA:9,findInternal
DA:3,1
DA:4,5
DA:5,9
DA:7,9
LF:4
LH:4
BRDA:7,0,0,1
BRDA:7,0,1,8
BRDA:8,1,0,4
BRDA:8,1,1,4
BRF:4
BRH:4
end_of_record
TN:
SF:/home/murilo/development/cursos/curso-reactjs-ninja/m02/jest-in-practice/src/find/find.js
FN:3,(anonymous_0)
FNF:1
FNH:1
FNDA:5,(anonymous_0)
DA:3,1
DA:4,5
DA:5,8
DA:6,4
LF:4
LH:4
BRDA:5,0,0,4
BRDA:5,0,1,4
BRF:2
BRH:2
end_of_record
